02:17:35 **** Incremental Build of configuration Debug for project Project ****
make all 
Building file: ../UltraSonic.c
Invoking: AVR Compiler
avr-gcc -Wall -g2 -gstabs -O0 -fpack-struct -fshort-enums -ffunction-sections -fdata-sections -std=gnu99 -funsigned-char -funsigned-bitfields -mmcu=atmega32 -DF_CPU=8000000UL -MMD -MP -MF"UltraSonic.d" -MT"UltraSonic.o" -c -o "UltraSonic.o" "../UltraSonic.c"
In file included from ../UltraSonic.h:18,
                 from ../UltraSonic.c:13:
c:/winavr-20100110/lib/gcc/../../avr/include/util/delay.h:90:3: warning: #warning "Compiler optimizations disabled; functions from <util/delay.h> won't work as designed"
Finished building: ../UltraSonic.c
 
Building target: Project.elf
Invoking: AVR C Linker
avr-gcc -Wl,-Map,Project.map -mmcu=atmega32 -o "Project.elf"  ./GPIO.o ./ICU.o ./LCD.o ./Main.o ./UltraSonic.o   
Finished building target: Project.elf
 
Invoking: AVR Create Extended Listing
avr-objdump -h -S Project.elf  >"Project.lss"
Finished building: Project.lss
 
Invoking: Print Size
avr-size --format=avr --mcu=atmega32 Project.elf
AVR Memory Usage
----------------
Device: atmega32

Program:    9056 bytes (27.6% Full)
(.text + .data + .bootloader)

Data:        302 bytes (14.7% Full)
(.data + .bss + .noinit)


Finished building: sizedummy
 
02:20:33 **** Incremental Build of configuration Debug for project Project ****
make all 
Building file: ../UltraSonic.c
Invoking: AVR Compiler
avr-gcc -Wall -g2 -gstabs -O0 -fpack-struct -fshort-enums -ffunction-sections -fdata-sections -std=gnu99 -funsigned-char -funsigned-bitfields -mmcu=atmega32 -DF_CPU=8000000UL -MMD -MP -MF"UltraSonic.d" -MT"UltraSonic.o" -c -o "UltraSonic.o" "../UltraSonic.c"
In file included from ../UltraSonic.h:18,
                 from ../UltraSonic.c:13:
c:/winavr-20100110/lib/gcc/../../avr/include/util/delay.h:90:3: warning: #warning "Compiler optimizations disabled; functions from <util/delay.h> won't work as designed"
Finished building: ../UltraSonic.c
 
Building target: Project.elf
Invoking: AVR C Linker
avr-gcc -Wl,-Map,Project.map -mmcu=atmega32 -o "Project.elf"  ./GPIO.o ./ICU.o ./LCD.o ./Main.o ./UltraSonic.o   
Finished building target: Project.elf
 
Invoking: AVR Create Extended Listing
avr-objdump -h -S Project.elf  >"Project.lss"
Finished building: Project.lss
 
Invoking: Print Size
avr-size --format=avr --mcu=atmega32 Project.elf
AVR Memory Usage
----------------
Device: atmega32

Program:    8820 bytes (26.9% Full)
(.text + .data + .bootloader)

Data:        302 bytes (14.7% Full)
(.data + .bss + .noinit)


Finished building: sizedummy
 
02:28:52 **** Incremental Build of configuration Debug for project Project ****
make all 
Building file: ../UltraSonic.c
Invoking: AVR Compiler
avr-gcc -Wall -g2 -gstabs -O0 -fpack-struct -fshort-enums -ffunction-sections -fdata-sections -std=gnu99 -funsigned-char -funsigned-bitfields -mmcu=atmega32 -DF_CPU=8000000UL -MMD -MP -MF"UltraSonic.d" -MT"UltraSonic.o" -c -o "UltraSonic.o" "../UltraSonic.c"
In file included from ../UltraSonic.h:18,
                 from ../UltraSonic.c:13:
c:/winavr-20100110/lib/gcc/../../avr/include/util/delay.h:90:3: warning: #warning "Compiler optimizations disabled; functions from <util/delay.h> won't work as designed"
Finished building: ../UltraSonic.c
 
Building target: Project.elf
Invoking: AVR C Linker
avr-gcc -Wl,-Map,Project.map -mmcu=atmega32 -o "Project.elf"  ./GPIO.o ./ICU.o ./LCD.o ./Main.o ./UltraSonic.o   
Finished building target: Project.elf
 
Invoking: AVR Create Extended Listing
avr-objdump -h -S Project.elf  >"Project.lss"
Finished building: Project.lss
 
Invoking: Print Size
avr-size --format=avr --mcu=atmega32 Project.elf
AVR Memory Usage
----------------
Device: atmega32

Program:    8814 bytes (26.9% Full)
(.text + .data + .bootloader)

Data:        303 bytes (14.8% Full)
(.data + .bss + .noinit)


Finished building: sizedummy
 
02:29:27 **** Incremental Build of configuration Debug for project Project ****
make all 
Invoking: Print Size
avr-size --format=avr --mcu=atmega32 Project.elf
AVR Memory Usage
----------------
Device: atmega32

Program:    8814 bytes (26.9% Full)
(.text + .data + .bootloader)

Data:        303 bytes (14.8% Full)
(.data + .bss + .noinit)


Finished building: sizedummy
 
02:40:45 **** Incremental Build of configuration Debug for project Project ****
make all 
Building file: ../Main.c
Invoking: AVR Compiler
avr-gcc -Wall -g2 -gstabs -O0 -fpack-struct -fshort-enums -ffunction-sections -fdata-sections -std=gnu99 -funsigned-char -funsigned-bitfields -mmcu=atmega32 -DF_CPU=8000000UL -MMD -MP -MF"Main.d" -MT"Main.o" -c -o "Main.o" "../Main.c"
In file included from ../UltraSonic.h:18,
                 from ../Main.c:12:
c:/winavr-20100110/lib/gcc/../../avr/include/util/delay.h:90:3: warning: #warning "Compiler optimizations disabled; functions from <util/delay.h> won't work as designed"
../Main.c: In function 'main':
../Main.c:46: warning: pointer targets in passing argument 1 of 'LCD_DisplayString' differ in signedness
../Main.c:60: warning: pointer targets in passing argument 1 of 'LCD_DisplayString' differ in signedness
Finished building: ../Main.c
 
Building file: ../UltraSonic.c
Invoking: AVR Compiler
avr-gcc -Wall -g2 -gstabs -O0 -fpack-struct -fshort-enums -ffunction-sections -fdata-sections -std=gnu99 -funsigned-char -funsigned-bitfields -mmcu=atmega32 -DF_CPU=8000000UL -MMD -MP -MF"UltraSonic.d" -MT"UltraSonic.o" -c -o "UltraSonic.o" "../UltraSonic.c"
In file included from ../UltraSonic.h:18,
                 from ../UltraSonic.c:13:
c:/winavr-20100110/lib/gcc/../../avr/include/util/delay.h:90:3: warning: #warning "Compiler optimizations disabled; functions from <util/delay.h> won't work as designed"
Finished building: ../UltraSonic.c
 
Building target: Project.elf
Invoking: AVR C Linker
avr-gcc -Wl,-Map,Project.map -mmcu=atmega32 -o "Project.elf"  ./GPIO.o ./ICU.o ./LCD.o ./Main.o ./UltraSonic.o   
Finished building target: Project.elf
 
Invoking: AVR Create Extended Listing
avr-objdump -h -S Project.elf  >"Project.lss"
Finished building: Project.lss
 
Invoking: Print Size
avr-size --format=avr --mcu=atmega32 Project.elf
AVR Memory Usage
----------------
Device: atmega32

Program:    8820 bytes (26.9% Full)
(.text + .data + .bootloader)

Data:        302 bytes (14.7% Full)
(.data + .bss + .noinit)


Finished building: sizedummy
 
03:11:09 **** Incremental Build of configuration Debug for project Project ****
make all 
Building file: ../UltraSonic.c
Invoking: AVR Compiler
avr-gcc -Wall -g2 -gstabs -O0 -fpack-struct -fshort-enums -ffunction-sections -fdata-sections -std=gnu99 -funsigned-char -funsigned-bitfields -mmcu=atmega32 -DF_CPU=8000000UL -MMD -MP -MF"UltraSonic.d" -MT"UltraSonic.o" -c -o "UltraSonic.o" "../UltraSonic.c"
In file included from ../UltraSonic.h:18,
                 from ../UltraSonic.c:13:
c:/winavr-20100110/lib/gcc/../../avr/include/util/delay.h:90:3: warning: #warning "Compiler optimizations disabled; functions from <util/delay.h> won't work as designed"
Finished building: ../UltraSonic.c
 
Building target: Project.elf
Invoking: AVR C Linker
avr-gcc -Wl,-Map,Project.map -mmcu=atmega32 -o "Project.elf"  ./GPIO.o ./ICU.o ./LCD.o ./Main.o ./UltraSonic.o   
Finished building target: Project.elf
 
Invoking: AVR Create Extended Listing
avr-objdump -h -S Project.elf  >"Project.lss"
Finished building: Project.lss
 
Invoking: Print Size
avr-size --format=avr --mcu=atmega32 Project.elf
AVR Memory Usage
----------------
Device: atmega32

Program:    8840 bytes (27.0% Full)
(.text + .data + .bootloader)

Data:        302 bytes (14.7% Full)
(.data + .bss + .noinit)


Finished building: sizedummy
 
03:11:39 **** Incremental Build of configuration Debug for project Project ****
make all 
Invoking: Print Size
avr-size --format=avr --mcu=atmega32 Project.elf
AVR Memory Usage
----------------
Device: atmega32

Program:    8840 bytes (27.0% Full)
(.text + .data + .bootloader)

Data:        302 bytes (14.7% Full)
(.data + .bss + .noinit)


Finished building: sizedummy
 
03:13:59 **** Incremental Build of configuration Debug for project Project ****
make all 
Building file: ../UltraSonic.c
Invoking: AVR Compiler
avr-gcc -Wall -g2 -gstabs -O0 -fpack-struct -fshort-enums -ffunction-sections -fdata-sections -std=gnu99 -funsigned-char -funsigned-bitfields -mmcu=atmega32 -DF_CPU=8000000UL -MMD -MP -MF"UltraSonic.d" -MT"UltraSonic.o" -c -o "UltraSonic.o" "../UltraSonic.c"
In file included from ../UltraSonic.h:18,
                 from ../UltraSonic.c:13:
c:/winavr-20100110/lib/gcc/../../avr/include/util/delay.h:90:3: warning: #warning "Compiler optimizations disabled; functions from <util/delay.h> won't work as designed"
Finished building: ../UltraSonic.c
 
Building target: Project.elf
Invoking: AVR C Linker
avr-gcc -Wl,-Map,Project.map -mmcu=atmega32 -o "Project.elf"  ./GPIO.o ./ICU.o ./LCD.o ./Main.o ./UltraSonic.o   
Finished building target: Project.elf
 
Invoking: AVR Create Extended Listing
avr-objdump -h -S Project.elf  >"Project.lss"
Finished building: Project.lss
 
Invoking: Print Size
avr-size --format=avr --mcu=atmega32 Project.elf
AVR Memory Usage
----------------
Device: atmega32

Program:    8822 bytes (26.9% Full)
(.text + .data + .bootloader)

Data:        302 bytes (14.7% Full)
(.data + .bss + .noinit)


Finished building: sizedummy
 
03:14:15 **** Incremental Build of configuration Debug for project Project ****
make all 
Building file: ../UltraSonic.c
Invoking: AVR Compiler
avr-gcc -Wall -g2 -gstabs -O0 -fpack-struct -fshort-enums -ffunction-sections -fdata-sections -std=gnu99 -funsigned-char -funsigned-bitfields -mmcu=atmega32 -DF_CPU=8000000UL -MMD -MP -MF"UltraSonic.d" -MT"UltraSonic.o" -c -o "UltraSonic.o" "../UltraSonic.c"
In file included from ../UltraSonic.h:18,
                 from ../UltraSonic.c:13:
c:/winavr-20100110/lib/gcc/../../avr/include/util/delay.h:90:3: warning: #warning "Compiler optimizations disabled; functions from <util/delay.h> won't work as designed"
Finished building: ../UltraSonic.c
 
Building target: Project.elf
Invoking: AVR C Linker
avr-gcc -Wl,-Map,Project.map -mmcu=atmega32 -o "Project.elf"  ./GPIO.o ./ICU.o ./LCD.o ./Main.o ./UltraSonic.o   
Finished building target: Project.elf
 
Invoking: AVR Create Extended Listing
avr-objdump -h -S Project.elf  >"Project.lss"
Finished building: Project.lss
 
Invoking: Print Size
avr-size --format=avr --mcu=atmega32 Project.elf
AVR Memory Usage
----------------
Device: atmega32

Program:    8820 bytes (26.9% Full)
(.text + .data + .bootloader)

Data:        302 bytes (14.7% Full)
(.data + .bss + .noinit)


Finished building: sizedummy
 
03:14:43 **** Incremental Build of configuration Debug for project Project ****
make all 
Building file: ../UltraSonic.c
Invoking: AVR Compiler
avr-gcc -Wall -g2 -gstabs -O0 -fpack-struct -fshort-enums -ffunction-sections -fdata-sections -std=gnu99 -funsigned-char -funsigned-bitfields -mmcu=atmega32 -DF_CPU=8000000UL -MMD -MP -MF"UltraSonic.d" -MT"UltraSonic.o" -c -o "UltraSonic.o" "../UltraSonic.c"
In file included from ../UltraSonic.h:18,
                 from ../UltraSonic.c:13:
c:/winavr-20100110/lib/gcc/../../avr/include/util/delay.h:90:3: warning: #warning "Compiler optimizations disabled; functions from <util/delay.h> won't work as designed"
Finished building: ../UltraSonic.c
 
Building target: Project.elf
Invoking: AVR C Linker
avr-gcc -Wl,-Map,Project.map -mmcu=atmega32 -o "Project.elf"  ./GPIO.o ./ICU.o ./LCD.o ./Main.o ./UltraSonic.o   
Finished building target: Project.elf
 
Invoking: AVR Create Extended Listing
avr-objdump -h -S Project.elf  >"Project.lss"
Finished building: Project.lss
 
Invoking: Print Size
avr-size --format=avr --mcu=atmega32 Project.elf
AVR Memory Usage
----------------
Device: atmega32

Program:    8820 bytes (26.9% Full)
(.text + .data + .bootloader)

Data:        302 bytes (14.7% Full)
(.data + .bss + .noinit)


Finished building: sizedummy
 
03:15:01 **** Incremental Build of configuration Debug for project Project ****
make all 
Building file: ../UltraSonic.c
Invoking: AVR Compiler
avr-gcc -Wall -g2 -gstabs -O0 -fpack-struct -fshort-enums -ffunction-sections -fdata-sections -std=gnu99 -funsigned-char -funsigned-bitfields -mmcu=atmega32 -DF_CPU=8000000UL -MMD -MP -MF"UltraSonic.d" -MT"UltraSonic.o" -c -o "UltraSonic.o" "../UltraSonic.c"
In file included from ../UltraSonic.h:18,
                 from ../UltraSonic.c:13:
c:/winavr-20100110/lib/gcc/../../avr/include/util/delay.h:90:3: warning: #warning "Compiler optimizations disabled; functions from <util/delay.h> won't work as designed"
Finished building: ../UltraSonic.c
 
Building target: Project.elf
Invoking: AVR C Linker
avr-gcc -Wl,-Map,Project.map -mmcu=atmega32 -o "Project.elf"  ./GPIO.o ./ICU.o ./LCD.o ./Main.o ./UltraSonic.o   
Finished building target: Project.elf
 
Invoking: AVR Create Extended Listing
avr-objdump -h -S Project.elf  >"Project.lss"
Finished building: Project.lss
 
Invoking: Print Size
avr-size --format=avr --mcu=atmega32 Project.elf
AVR Memory Usage
----------------
Device: atmega32

Program:    8820 bytes (26.9% Full)
(.text + .data + .bootloader)

Data:        302 bytes (14.7% Full)
(.data + .bss + .noinit)


Finished building: sizedummy
 
03:20:23 **** Incremental Build of configuration Debug for project Project ****
make all 
Building file: ../UltraSonic.c
Invoking: AVR Compiler
avr-gcc -Wall -g2 -gstabs -O0 -fpack-struct -fshort-enums -ffunction-sections -fdata-sections -std=gnu99 -funsigned-char -funsigned-bitfields -mmcu=atmega32 -DF_CPU=8000000UL -MMD -MP -MF"UltraSonic.d" -MT"UltraSonic.o" -c -o "UltraSonic.o" "../UltraSonic.c"
In file included from ../UltraSonic.h:18,
                 from ../UltraSonic.c:13:
c:/winavr-20100110/lib/gcc/../../avr/include/util/delay.h:90:3: warning: #warning "Compiler optimizations disabled; functions from <util/delay.h> won't work as designed"
Finished building: ../UltraSonic.c
 
Building target: Project.elf
Invoking: AVR C Linker
avr-gcc -Wl,-Map,Project.map -mmcu=atmega32 -o "Project.elf"  ./GPIO.o ./ICU.o ./LCD.o ./Main.o ./UltraSonic.o   
Finished building target: Project.elf
 
Invoking: AVR Create Extended Listing
avr-objdump -h -S Project.elf  >"Project.lss"
Finished building: Project.lss
 
Invoking: Print Size
avr-size --format=avr --mcu=atmega32 Project.elf
AVR Memory Usage
----------------
Device: atmega32

Program:    9080 bytes (27.7% Full)
(.text + .data + .bootloader)

Data:        302 bytes (14.7% Full)
(.data + .bss + .noinit)


Finished building: sizedummy
 
17:06:59 **** Incremental Build of configuration Debug for project Project ****
make all 
Building file: ../UltraSonic.c
Invoking: AVR Compiler
avr-gcc -Wall -g2 -gstabs -O0 -fpack-struct -fshort-enums -ffunction-sections -fdata-sections -std=gnu99 -funsigned-char -funsigned-bitfields -mmcu=atmega32 -DF_CPU=8000000UL -MMD -MP -MF"UltraSonic.d" -MT"UltraSonic.o" -c -o "UltraSonic.o" "../UltraSonic.c"
In file included from ../UltraSonic.h:18,
                 from ../UltraSonic.c:13:
c:/winavr-20100110/lib/gcc/../../avr/include/util/delay.h:90:3: warning: #warning "Compiler optimizations disabled; functions from <util/delay.h> won't work as designed"
Finished building: ../UltraSonic.c
 
Building target: Project.elf
Invoking: AVR C Linker
avr-gcc -Wl,-Map,Project.map -mmcu=atmega32 -o "Project.elf"  ./GPIO.o ./ICU.o ./LCD.o ./Main.o ./UltraSonic.o   
Finished building target: Project.elf
 
Invoking: AVR Create Extended Listing
avr-objdump -h -S Project.elf  >"Project.lss"
Finished building: Project.lss
 
Invoking: Print Size
avr-size --format=avr --mcu=atmega32 Project.elf
AVR Memory Usage
----------------
Device: atmega32

Program:    8820 bytes (26.9% Full)
(.text + .data + .bootloader)

Data:        302 bytes (14.7% Full)
(.data + .bss + .noinit)


Finished building: sizedummy
 
17:13:52 **** Incremental Build of configuration Debug for project Project ****
make all 
Building file: ../Main.c
Invoking: AVR Compiler
avr-gcc -Wall -g2 -gstabs -O0 -fpack-struct -fshort-enums -ffunction-sections -fdata-sections -std=gnu99 -funsigned-char -funsigned-bitfields -mmcu=atmega32 -DF_CPU=8000000UL -MMD -MP -MF"Main.d" -MT"Main.o" -c -o "Main.o" "../Main.c"
In file included from ../UltraSonic.h:18,
                 from ../Main.c:12:
c:/winavr-20100110/lib/gcc/../../avr/include/util/delay.h:90:3: warning: #warning "Compiler optimizations disabled; functions from <util/delay.h> won't work as designed"
../Main.c: In function 'main':
../Main.c:46: warning: pointer targets in passing argument 1 of 'LCD_DisplayString' differ in signedness
../Main.c:60: warning: pointer targets in passing argument 1 of 'LCD_DisplayString' differ in signedness
Finished building: ../Main.c
 
Building file: ../UltraSonic.c
Invoking: AVR Compiler
avr-gcc -Wall -g2 -gstabs -O0 -fpack-struct -fshort-enums -ffunction-sections -fdata-sections -std=gnu99 -funsigned-char -funsigned-bitfields -mmcu=atmega32 -DF_CPU=8000000UL -MMD -MP -MF"UltraSonic.d" -MT"UltraSonic.o" -c -o "UltraSonic.o" "../UltraSonic.c"
In file included from ../UltraSonic.h:18,
                 from ../UltraSonic.c:13:
c:/winavr-20100110/lib/gcc/../../avr/include/util/delay.h:90:3: warning: #warning "Compiler optimizations disabled; functions from <util/delay.h> won't work as designed"
Finished building: ../UltraSonic.c
 
Building target: Project.elf
Invoking: AVR C Linker
avr-gcc -Wl,-Map,Project.map -mmcu=atmega32 -o "Project.elf"  ./GPIO.o ./ICU.o ./LCD.o ./Main.o ./UltraSonic.o   
Finished building target: Project.elf
 
Invoking: AVR Create Extended Listing
avr-objdump -h -S Project.elf  >"Project.lss"
Finished building: Project.lss
 
Invoking: Print Size
avr-size --format=avr --mcu=atmega32 Project.elf
AVR Memory Usage
----------------
Device: atmega32

Program:    8822 bytes (26.9% Full)
(.text + .data + .bootloader)

Data:        304 bytes (14.8% Full)
(.data + .bss + .noinit)


Finished building: sizedummy
 
17:14:06 **** Incremental Build of configuration Debug for project Project ****
make all 
Building file: ../UltraSonic.c
Invoking: AVR Compiler
avr-gcc -Wall -g2 -gstabs -O0 -fpack-struct -fshort-enums -ffunction-sections -fdata-sections -std=gnu99 -funsigned-char -funsigned-bitfields -mmcu=atmega32 -DF_CPU=8000000UL -MMD -MP -MF"UltraSonic.d" -MT"UltraSonic.o" -c -o "UltraSonic.o" "../UltraSonic.c"
In file included from ../UltraSonic.h:18,
                 from ../UltraSonic.c:13:
c:/winavr-20100110/lib/gcc/../../avr/include/util/delay.h:90:3: warning: #warning "Compiler optimizations disabled; functions from <util/delay.h> won't work as designed"
Finished building: ../UltraSonic.c
 
Building target: Project.elf
Invoking: AVR C Linker
avr-gcc -Wl,-Map,Project.map -mmcu=atmega32 -o "Project.elf"  ./GPIO.o ./ICU.o ./LCD.o ./Main.o ./UltraSonic.o   
Finished building target: Project.elf
 
Invoking: AVR Create Extended Listing
avr-objdump -h -S Project.elf  >"Project.lss"
Finished building: Project.lss
 
Invoking: Print Size
avr-size --format=avr --mcu=atmega32 Project.elf
AVR Memory Usage
----------------
Device: atmega32

Program:    8822 bytes (26.9% Full)
(.text + .data + .bootloader)

Data:        304 bytes (14.8% Full)
(.data + .bss + .noinit)


Finished building: sizedummy
 
