17:14:06 **** Incremental Build of configuration Debug for project Project ****
make all 
Building file: ../UltraSonic.c
Invoking: AVR Compiler
avr-gcc -Wall -g2 -gstabs -O0 -fpack-struct -fshort-enums -ffunction-sections -fdata-sections -std=gnu99 -funsigned-char -funsigned-bitfields -mmcu=atmega32 -DF_CPU=8000000UL -MMD -MP -MF"UltraSonic.d" -MT"UltraSonic.o" -c -o "UltraSonic.o" "../UltraSonic.c"
In file included from ../UltraSonic.h:18,
                 from ../UltraSonic.c:13:
c:/winavr-20100110/lib/gcc/../../avr/include/util/delay.h:90:3: warning: #warning "Compiler optimizations disabled; functions from <util/delay.h> won't work as designed"
Finished building: ../UltraSonic.c
 
Building target: Project.elf
Invoking: AVR C Linker
avr-gcc -Wl,-Map,Project.map -mmcu=atmega32 -o "Project.elf"  ./GPIO.o ./ICU.o ./LCD.o ./Main.o ./UltraSonic.o   
Finished building target: Project.elf
 
Invoking: AVR Create Extended Listing
avr-objdump -h -S Project.elf  >"Project.lss"
Finished building: Project.lss
 
Invoking: Print Size
avr-size --format=avr --mcu=atmega32 Project.elf
AVR Memory Usage
----------------
Device: atmega32

Program:    8822 bytes (26.9% Full)
(.text + .data + .bootloader)

Data:        304 bytes (14.8% Full)
(.data + .bss + .noinit)


Finished building: sizedummy
 

17:14:07 Build Finished. 0 errors, 1 warnings. (took 1s.59ms)

